<?xml version="1.0" encoding="UTF-8"?>
<testng-results skipped="0" failed="0" ignored="0" total="1" passed="1">
  <reporter-output>
  </reporter-output>
  <suite name="Surefire suite" duration-ms="6108" started-at="2021-10-22T16:36:32Z" finished-at="2021-10-22T16:36:39Z">
    <groups>
    </groups>
    <test name="Surefire test" duration-ms="6108" started-at="2021-10-22T16:36:32Z" finished-at="2021-10-22T16:36:39Z">
      <class name="org.tests.GoogleTest">
        <test-method status="PASS" signature="googleSearchTest()[pri:0, instance:org.tests.GoogleTest@3d8c7aca]" name="googleSearchTest" duration-ms="6095" started-at="2021-10-22T16:36:32Z" finished-at="2021-10-22T16:36:39Z">
          <reporter-output>
          </reporter-output>
        </test-method> <!-- googleSearchTest -->
      </class> <!-- org.tests.GoogleTest -->
    </test> <!-- Surefire test -->
  </suite> <!-- Surefire suite -->
</testng-results>
